TN:
SF:src\router.ts
FN:28,(anonymous_0)
FN:40,(anonymous_1)
FNF:2
FNH:2
FNDA:4,(anonymous_0)
FNDA:5,(anonymous_1)
DA:1,2
DA:2,2
DA:3,2
DA:4,2
DA:6,2
DA:9,2
DA:13,2
DA:22,2
DA:28,4
DA:32,2
DA:40,5
DA:47,2
DA:53,2
DA:59,2
LF:14
LH:14
BRF:0
BRH:0
end_of_record
TN:
SF:src\server.ts
FN:6,connectDB
FN:24,(anonymous_2)
FNF:2
FNH:2
FNDA:2,connectDB
FNDA:1,(anonymous_2)
DA:1,2
DA:2,2
DA:3,2
DA:7,2
DA:8,2
DA:9,1
DA:16,2
DA:18,2
DA:20,2
DA:22,2
DA:24,2
DA:25,1
DA:28,2
LF:13
LH:13
BRF:0
BRH:0
end_of_record
TN:
SF:src\config\db.ts
FNF:0
FNH:0
DA:1,2
DA:2,2
DA:4,2
DA:6,2
DA:11,2
LF:5
LH:5
BRF:0
BRH:0
end_of_record
TN:
SF:src\handlers\product.ts
FN:5,(anonymous_1)
FN:17,(anonymous_2)
FN:30,(anonymous_3)
FN:40,(anonymous_4)
FN:58,(anonymous_5)
FN:76,(anonymous_6)
FNF:6
FNH:6
FNDA:1,(anonymous_1)
FNDA:2,(anonymous_2)
FNDA:1,(anonymous_3)
FNDA:2,(anonymous_4)
FNDA:2,(anonymous_5)
FNDA:2,(anonymous_6)
DA:2,2
DA:5,2
DA:6,1
DA:7,1
DA:11,1
DA:13,0
DA:17,2
DA:18,2
DA:19,2
DA:20,2
DA:21,2
DA:22,1
DA:24,1
DA:26,0
DA:30,2
DA:32,1
DA:33,1
DA:34,1
DA:36,0
DA:40,2
DA:41,2
DA:42,2
DA:43,2
DA:45,2
DA:46,1
DA:49,1
DA:50,1
DA:52,1
DA:54,0
DA:58,2
DA:59,2
DA:60,2
DA:61,2
DA:63,2
DA:64,1
DA:67,1
DA:68,1
DA:70,1
DA:72,0
DA:76,2
DA:77,2
DA:78,2
DA:79,2
DA:81,2
DA:82,1
DA:85,1
DA:87,1
DA:89,0
LF:48
LH:42
BRDA:21,0,0,1
BRDA:21,0,1,1
BRDA:45,1,0,1
BRDA:45,1,1,1
BRDA:63,2,0,1
BRDA:63,2,1,1
BRDA:81,3,0,1
BRDA:81,3,1,1
BRF:8
BRH:8
end_of_record
TN:
SF:src\middleware\index.ts
FN:4,(anonymous_0)
FNF:1
FNH:1
FNDA:18,(anonymous_0)
DA:2,2
DA:4,2
DA:6,18
DA:8,18
DA:9,9
DA:12,9
LF:6
LH:6
BRDA:8,0,0,9
BRDA:8,0,1,9
BRF:2
BRH:2
end_of_record
TN:
SF:src\models\Product.model.ts
FNF:0
FNH:0
DA:1,2
DA:7,2
DA:12,2
DA:17,2
DA:23,2
DA:27,2
LF:6
LH:6
BRF:0
BRH:0
end_of_record
